
==============================
==== 抓取时间: 2025-10-10 00:04:58 (JST) ====
==============================

【潮見駅前プラザ一番街】
  ペット共生住宅空房列表:
    - 513号室 | 210,200円 | 共益費:6,730円 | 2LDK | 83㎡ | 5階

【幕張ベイタウン パティオス22番街】
  → 当前没有ペット共生住宅的空房

【ハートアイランド新田二番街】
  → 当前没有ペット共生住宅的空房

【ひばりが丘パークヒルズ】
  → 当前没有ペット共生住宅的空房

【プラザ新小金井】
  → 当前没有ペット共生住宅的空房

【コンフォール明神台】
  → 当前没有ペット共生住宅的空房


==============================
==== 抓取时间: 2025-10-10 00:08:19 (JST) ====
==============================

【潮見駅前プラザ一番街】
  ペット共生住宅空房列表:
    - 513号室 | 210,200円 | 共益費:6,730円 | 2LDK | 83㎡ | 5階

【幕張ベイタウン パティオス22番街】
  → 当前没有ペット共生住宅的空房

【ハートアイランド新田二番街】
  → 当前没有ペット共生住宅的空房

【ひばりが丘パークヒルズ】
  → 当前没有ペット共生住宅的空房

【プラザ新小金井】
  → 当前没有ペット共生住宅的空房

【コンフォール明神台】
  → 当前没有ペット共生住宅的空房


==============================
==== 抓取时间: 2025-10-10 00:22:00 (JST) ====
==============================

【潮見駅前プラザ一番街】
  ペット共生住宅空房列表:
    - 513号室 | 210,200円 | 共益費:6,730円 | 2LDK | 83㎡ | 5階

【幕張ベイタウン パティオス22番街】
  → 当前没有ペット共生住宅的空房

【ハートアイランド新田二番街】
  → 当前没有ペット共生住宅的空房

【ひばりが丘パークヒルズ】
  → 当前没有ペット共生住宅的空房

【プラザ新小金井】
  → 当前没有ペット共生住宅的空房

【コンフォール明神台】
  → 当前没有ペット共生住宅的空房


==============================
==== 抓取时间: 2025-10-10 00:22:31 (JST) ====
==============================

【潮見駅前プラザ一番街】
  ペット共生住宅空房列表:
    - 513号室 | 210,200円 | 共益費:6,730円 | 2LDK | 83㎡ | 5階

【幕張ベイタウン パティオス22番街】
  → 当前没有ペット共生住宅的空房

【ハートアイランド新田二番街】
  → 当前没有ペット共生住宅的空房

【ひばりが丘パークヒルズ】
  → 当前没有ペット共生住宅的空房

【プラザ新小金井】
  → 当前没有ペット共生住宅的空房

【コンフォール明神台】
  → 当前没有ペット共生住宅的空房


==============================
==== 抓取时间: 2025-10-10 00:26:17 (JST) ====
==============================

【潮見駅前プラザ一番街】
  ペット共生住宅空房列表:
    - 513号室 | 210,200円 | 共益費:6,730円 | 2LDK | 83㎡ | 5階

【幕張ベイタウン パティオス22番街】
  → 当前没有ペット共生住宅的空房

【ハートアイランド新田二番街】
  → 当前没有ペット共生住宅的空房

【ひばりが丘パークヒルズ】
  → 当前没有ペット共生住宅的空房

【プラザ新小金井】
  → 当前没有ペット共生住宅的空房

【コンフォール明神台】
  → 当前没有ペット共生住宅的空房


==============================
==== 抓取时间: 2025-10-10 00:28:41 (JST) ====
==============================

【潮見駅前プラザ一番街】
  ペット共生住宅空房列表:
    - 513号室 | 210,200円 | 共益費:6,730円 | 2LDK | 83㎡ | 5階

【幕張ベイタウン パティオス22番街】
  → 当前没有ペット共生住宅的空房

【ハートアイランド新田二番街】
  → 当前没有ペット共生住宅的空房

【ひばりが丘パークヒルズ】
  → 当前没有ペット共生住宅的空房

【プラザ新小金井】
  → 当前没有ペット共生住宅的空房

【コンフォール明神台】
  → 当前没有ペット共生住宅的空房


==============================
==== 抓取时间: 2025-10-10 00:34:07 (JST) ====
==============================

【潮見駅前プラザ一番街】
  ペット共生住宅空房列表:
    - 513号室 | 210,200円 | 共益費:6,730円 | 2LDK | 83㎡ | 5階

【幕張ベイタウン パティオス22番街】
  → 当前没有ペット共生住宅的空房

【ハートアイランド新田二番街】
  → 当前没有ペット共生住宅的空房

【ひばりが丘パークヒルズ】
  → 当前没有ペット共生住宅的空房

【プラザ新小金井】
  → 当前没有ペット共生住宅的空房

【コンフォール明神台】
  → 当前没有ペット共生住宅的空房


==============================
==== 抓取时间: 2025-10-10 00:43:11 (JST) ====
==============================

【潮見駅前プラザ一番街】
  ペット共生住宅空房列表:
    - 513号室 | 210,200円 | 共益費:6,730円 | 2LDK | 83㎡ | 5階

【幕張ベイタウン パティオス22番街】
  → 当前没有ペット共生住宅的空房

【ハートアイランド新田二番街】
  → 当前没有ペット共生住宅的空房

【ひばりが丘パークヒルズ】
  → 当前没有ペット共生住宅的空房

【プラザ新小金井】
  → 当前没有ペット共生住宅的空房

【コンフォール明神台】
  → 当前没有ペット共生住宅的空房


==============================
==== 抓取时间: 2025-10-10 00:47:59 (JST) ====
==============================

【潮見駅前プラザ一番街】
  ペット共生住宅空房列表:
    - 513号室 | 210,200円 | 共益費:6,730円 | 2LDK | 83㎡ | 5階

【幕張ベイタウン パティオス22番街】
  → 当前没有ペット共生住宅的空房

【ハートアイランド新田二番街】
  → 当前没有ペット共生住宅的空房

【ひばりが丘パークヒルズ】
  → 当前没有ペット共生住宅的空房

【プラザ新小金井】
  → 当前没有ペット共生住宅的空房

【コンフォール明神台】
  → 当前没有ペット共生住宅的空房


==============================
==== 抓取时间: 2025-10-10 00:57:50 (JST) ====
==============================

【潮見駅前プラザ一番街】
  ペット共生住宅空房列表:
    - 513号室 | 210,200円 | 共益費:6,730円 | 2LDK | 83㎡ | 5階

【幕張ベイタウン パティオス22番街】
  → 当前没有ペット共生住宅的空房

【ハートアイランド新田二番街】
  → 当前没有ペット共生住宅的空房

【ひばりが丘パークヒルズ】
  → 当前没有ペット共生住宅的空房

【プラザ新小金井】
  → 当前没有ペット共生住宅的空房

【コンフォール明神台】
  → 当前没有ペット共生住宅的空房


==============================
==== 抓取时间: 2025-10-10 01:02:01 (JST) ====
==============================

【潮見駅前プラザ一番街】
  ペット共生住宅空房列表:
    - 513号室 | 210,200円 | 共益費:6,730円 | 2LDK | 83㎡ | 5階

【幕張ベイタウン パティオス22番街】
  → 当前没有ペット共生住宅的空房

【ハートアイランド新田二番街】
  → 当前没有ペット共生住宅的空房

【ひばりが丘パークヒルズ】
  → 当前没有ペット共生住宅的空房

【プラザ新小金井】
  → 当前没有ペット共生住宅的空房

【コンフォール明神台】
  → 当前没有ペット共生住宅的空房


==============================
==== 抓取时间: 2025-10-10 01:04:31 (JST) ====
==============================

【潮見駅前プラザ一番街】
  ペット共生住宅空房列表:
    - 513号室 | 210,200円 | 共益費:6,730円 | 2LDK | 83㎡ | 5階

【幕張ベイタウン パティオス22番街】
  → 当前没有ペット共生住宅的空房

【ハートアイランド新田二番街】
  → 当前没有ペット共生住宅的空房

【ひばりが丘パークヒルズ】
  → 当前没有ペット共生住宅的空房

【プラザ新小金井】
  → 当前没有ペット共生住宅的空房

【コンフォール明神台】
  → 当前没有ペット共生住宅的空房


==============================
==== 抓取时间: 2025-10-10 01:08:56 (JST) ====
==============================

【潮見駅前プラザ一番街】
  ペット共生住宅空房列表:
    - 513号室 | 210,200円 | 共益費:6,730円 | 2LDK | 83㎡ | 5階

【幕張ベイタウン パティオス22番街】
  → 当前没有ペット共生住宅的空房

【ハートアイランド新田二番街】
  → 当前没有ペット共生住宅的空房

【ひばりが丘パークヒルズ】
  → 当前没有ペット共生住宅的空房

【プラザ新小金井】
  → 当前没有ペット共生住宅的空房

【コンフォール明神台】
  → 当前没有ペット共生住宅的空房


==============================
==== 抓取时间: 2025-10-10 01:12:55 (JST) ====
==============================

【潮見駅前プラザ一番街】
  ペット共生住宅空房列表:
    - 513号室 | 210,200円 | 共益費:6,730円 | 2LDK | 83㎡ | 5階

【幕張ベイタウン パティオス22番街】
  → 当前没有ペット共生住宅的空房

【ハートアイランド新田二番街】
  → 当前没有ペット共生住宅的空房

【ひばりが丘パークヒルズ】
  → 当前没有ペット共生住宅的空房

【プラザ新小金井】
  → 当前没有ペット共生住宅的空房

【コンフォール明神台】
  → 当前没有ペット共生住宅的空房


==============================
==== 抓取时间: 2025-10-10 01:18:23 (JST) ====
==============================

【潮見駅前プラザ一番街】
  ペット共生住宅空房列表:
    - 513号室 | 210,200円 | 共益費:6,730円 | 2LDK | 83㎡ | 5階

【幕張ベイタウン パティオス22番街】
  → 当前没有ペット共生住宅的空房

【ハートアイランド新田二番街】
  → 当前没有ペット共生住宅的空房

【ひばりが丘パークヒルズ】
  → 当前没有ペット共生住宅的空房

【プラザ新小金井】
  → 当前没有ペット共生住宅的空房

【コンフォール明神台】
  → 当前没有ペット共生住宅的空房


==============================
==== 抓取时间: 2025-10-10 01:23:14 (JST) ====
==============================

【潮見駅前プラザ一番街】
  ペット共生住宅空房列表:
    - 513号室 | 210,200円 | 共益費:6,730円 | 2LDK | 83㎡ | 5階

【幕張ベイタウン パティオス22番街】
  → 当前没有ペット共生住宅的空房

【ハートアイランド新田二番街】
  → 当前没有ペット共生住宅的空房

【ひばりが丘パークヒルズ】
  → 当前没有ペット共生住宅的空房

【プラザ新小金井】
  → 当前没有ペット共生住宅的空房

【コンフォール明神台】
  → 当前没有ペット共生住宅的空房


==============================
==== 抓取时间: 2025-10-10 01:29:11 (JST) ====
==============================

【潮見駅前プラザ一番街】
  ペット共生住宅空房列表:
    - 513号室 | 210,200円 | 共益費:6,730円 | 2LDK | 83㎡ | 5階

【幕張ベイタウン パティオス22番街】
  → 当前没有ペット共生住宅的空房

【ハートアイランド新田二番街】
  → 当前没有ペット共生住宅的空房

【ひばりが丘パークヒルズ】
  → 当前没有ペット共生住宅的空房

【プラザ新小金井】
  → 当前没有ペット共生住宅的空房

【コンフォール明神台】
  → 当前没有ペット共生住宅的空房


==============================
==== 抓取时间: 2025-10-10 01:32:47 (JST) ====
==============================

【潮見駅前プラザ一番街】
  ペット共生住宅空房列表:
    - 513号室 | 210,200円 | 共益費:6,730円 | 2LDK | 83㎡ | 5階

【幕張ベイタウン パティオス22番街】
  → 当前没有ペット共生住宅的空房

【ハートアイランド新田二番街】
  → 当前没有ペット共生住宅的空房

【ひばりが丘パークヒルズ】
  → 当前没有ペット共生住宅的空房

【プラザ新小金井】
  → 当前没有ペット共生住宅的空房

【コンフォール明神台】
  → 当前没有ペット共生住宅的空房


==============================
==== 抓取时间: 2025-10-10 01:37:50 (JST) ====
==============================

【潮見駅前プラザ一番街】
  ペット共生住宅空房列表:
    - 513号室 | 210,200円 | 共益費:6,730円 | 2LDK | 83㎡ | 5階

【幕張ベイタウン パティオス22番街】
  → 当前没有ペット共生住宅的空房

【ハートアイランド新田二番街】
  → 当前没有ペット共生住宅的空房

【ひばりが丘パークヒルズ】
  → 当前没有ペット共生住宅的空房

【プラザ新小金井】
  → 当前没有ペット共生住宅的空房

【コンフォール明神台】
  → 当前没有ペット共生住宅的空房


==============================
==== 抓取时间: 2025-10-10 01:42:44 (JST) ====
==============================

【潮見駅前プラザ一番街】
  ペット共生住宅空房列表:
    - 513号室 | 210,200円 | 共益費:6,730円 | 2LDK | 83㎡ | 5階

【幕張ベイタウン パティオス22番街】
  → 当前没有ペット共生住宅的空房

【ハートアイランド新田二番街】
  → 当前没有ペット共生住宅的空房

【ひばりが丘パークヒルズ】
  → 当前没有ペット共生住宅的空房

【プラザ新小金井】
  → 当前没有ペット共生住宅的空房

【コンフォール明神台】
  → 当前没有ペット共生住宅的空房


==============================
==== 抓取时间: 2025-10-10 01:47:45 (JST) ====
==============================

【潮見駅前プラザ一番街】
  ペット共生住宅空房列表:
    - 513号室 | 210,200円 | 共益費:6,730円 | 2LDK | 83㎡ | 5階

【幕張ベイタウン パティオス22番街】
  → 当前没有ペット共生住宅的空房

【ハートアイランド新田二番街】
  → 当前没有ペット共生住宅的空房

【ひばりが丘パークヒルズ】
  → 当前没有ペット共生住宅的空房

【プラザ新小金井】
  → 当前没有ペット共生住宅的空房

【コンフォール明神台】
  → 当前没有ペット共生住宅的空房


==============================
==== 抓取时间: 2025-10-10 01:52:48 (JST) ====
==============================

【潮見駅前プラザ一番街】
  ペット共生住宅空房列表:
    - 513号室 | 210,200円 | 共益費:6,730円 | 2LDK | 83㎡ | 5階

【幕張ベイタウン パティオス22番街】
  → 当前没有ペット共生住宅的空房

【ハートアイランド新田二番街】
  → 当前没有ペット共生住宅的空房

【ひばりが丘パークヒルズ】
  → 当前没有ペット共生住宅的空房

【プラザ新小金井】
  → 当前没有ペット共生住宅的空房

【コンフォール明神台】
  → 当前没有ペット共生住宅的空房


==============================
==== 抓取时间: 2025-10-10 01:57:49 (JST) ====
==============================

【潮見駅前プラザ一番街】
  ペット共生住宅空房列表:
    - 513号室 | 210,200円 | 共益費:6,730円 | 2LDK | 83㎡ | 5階

【幕張ベイタウン パティオス22番街】
  → 当前没有ペット共生住宅的空房

【ハートアイランド新田二番街】
  → 当前没有ペット共生住宅的空房

【ひばりが丘パークヒルズ】
  → 当前没有ペット共生住宅的空房

【プラザ新小金井】
  → 当前没有ペット共生住宅的空房

【コンフォール明神台】
  → 当前没有ペット共生住宅的空房


==============================
==== 抓取时间: 2025-10-10 02:02:48 (JST) ====
==============================

【潮見駅前プラザ一番街】
  ペット共生住宅空房列表:
    - 513号室 | 210,200円 | 共益費:6,730円 | 2LDK | 83㎡ | 5階

【幕張ベイタウン パティオス22番街】
  → 当前没有ペット共生住宅的空房

【ハートアイランド新田二番街】
  → 当前没有ペット共生住宅的空房

【ひばりが丘パークヒルズ】
  → 当前没有ペット共生住宅的空房

【プラザ新小金井】
  → 当前没有ペット共生住宅的空房

【コンフォール明神台】
  → 当前没有ペット共生住宅的空房


==============================
==== 抓取时间: 2025-10-10 02:07:45 (JST) ====
==============================

【潮見駅前プラザ一番街】
  ペット共生住宅空房列表:
    - 513号室 | 210,200円 | 共益費:6,730円 | 2LDK | 83㎡ | 5階

【幕張ベイタウン パティオス22番街】
  → 当前没有ペット共生住宅的空房

【ハートアイランド新田二番街】
  → 当前没有ペット共生住宅的空房

【ひばりが丘パークヒルズ】
  → 当前没有ペット共生住宅的空房

【プラザ新小金井】
  → 当前没有ペット共生住宅的空房

【コンフォール明神台】
  → 当前没有ペット共生住宅的空房


==============================
==== 抓取时间: 2025-10-10 02:12:48 (JST) ====
==============================

【潮見駅前プラザ一番街】
  ペット共生住宅空房列表:
    - 513号室 | 210,200円 | 共益費:6,730円 | 2LDK | 83㎡ | 5階

【幕張ベイタウン パティオス22番街】
  → 当前没有ペット共生住宅的空房

【ハートアイランド新田二番街】
  → 当前没有ペット共生住宅的空房

【ひばりが丘パークヒルズ】
  → 当前没有ペット共生住宅的空房

【プラザ新小金井】
  → 当前没有ペット共生住宅的空房

【コンフォール明神台】
  → 当前没有ペット共生住宅的空房


==============================
==== 抓取时间: 2025-10-10 02:17:51 (JST) ====
==============================

【潮見駅前プラザ一番街】
  ペット共生住宅空房列表:
    - 513号室 | 210,200円 | 共益費:6,730円 | 2LDK | 83㎡ | 5階

【幕張ベイタウン パティオス22番街】
  → 当前没有ペット共生住宅的空房

【ハートアイランド新田二番街】
  → 当前没有ペット共生住宅的空房

【ひばりが丘パークヒルズ】
  → 当前没有ペット共生住宅的空房

【プラザ新小金井】
  → 当前没有ペット共生住宅的空房

【コンフォール明神台】
  → 当前没有ペット共生住宅的空房


==============================
==== 抓取时间: 2025-10-10 02:22:47 (JST) ====
==============================

【潮見駅前プラザ一番街】
  ペット共生住宅空房列表:
    - 513号室 | 210,200円 | 共益費:6,730円 | 2LDK | 83㎡ | 5階

【幕張ベイタウン パティオス22番街】
  → 当前没有ペット共生住宅的空房

【ハートアイランド新田二番街】
  → 当前没有ペット共生住宅的空房

【ひばりが丘パークヒルズ】
  → 当前没有ペット共生住宅的空房

【プラザ新小金井】
  → 当前没有ペット共生住宅的空房

【コンフォール明神台】
  → 当前没有ペット共生住宅的空房


==============================
==== 抓取时间: 2025-10-10 02:27:50 (JST) ====
==============================

【潮見駅前プラザ一番街】
  ペット共生住宅空房列表:
    - 513号室 | 210,200円 | 共益費:6,730円 | 2LDK | 83㎡ | 5階

【幕張ベイタウン パティオス22番街】
  → 当前没有ペット共生住宅的空房

【ハートアイランド新田二番街】
  → 当前没有ペット共生住宅的空房

【ひばりが丘パークヒルズ】
  → 当前没有ペット共生住宅的空房

【プラザ新小金井】
  → 当前没有ペット共生住宅的空房

【コンフォール明神台】
  → 当前没有ペット共生住宅的空房


==============================
==== 抓取时间: 2025-10-10 02:32:44 (JST) ====
==============================

【潮見駅前プラザ一番街】
  ペット共生住宅空房列表:
    - 513号室 | 210,200円 | 共益費:6,730円 | 2LDK | 83㎡ | 5階

【幕張ベイタウン パティオス22番街】
  → 当前没有ペット共生住宅的空房

【ハートアイランド新田二番街】
  → 当前没有ペット共生住宅的空房

【ひばりが丘パークヒルズ】
  → 当前没有ペット共生住宅的空房

【プラザ新小金井】
  → 当前没有ペット共生住宅的空房

【コンフォール明神台】
  → 当前没有ペット共生住宅的空房


==============================
==== 抓取时间: 2025-10-10 02:37:44 (JST) ====
==============================

【潮見駅前プラザ一番街】
  ペット共生住宅空房列表:
    - 513号室 | 210,200円 | 共益費:6,730円 | 2LDK | 83㎡ | 5階

【幕張ベイタウン パティオス22番街】
  → 当前没有ペット共生住宅的空房

【ハートアイランド新田二番街】
  → 当前没有ペット共生住宅的空房

【ひばりが丘パークヒルズ】
  → 当前没有ペット共生住宅的空房

【プラザ新小金井】
  → 当前没有ペット共生住宅的空房

【コンフォール明神台】
  → 当前没有ペット共生住宅的空房


==============================
==== 抓取时间: 2025-10-10 02:42:47 (JST) ====
==============================

【潮見駅前プラザ一番街】
  ペット共生住宅空房列表:
    - 513号室 | 210,200円 | 共益費:6,730円 | 2LDK | 83㎡ | 5階

【幕張ベイタウン パティオス22番街】
  → 当前没有ペット共生住宅的空房

【ハートアイランド新田二番街】
  → 当前没有ペット共生住宅的空房

【ひばりが丘パークヒルズ】
  → 当前没有ペット共生住宅的空房

【プラザ新小金井】
  → 当前没有ペット共生住宅的空房

【コンフォール明神台】
  → 当前没有ペット共生住宅的空房


==============================
==== 抓取时间: 2025-10-10 02:47:51 (JST) ====
==============================

【潮見駅前プラザ一番街】
  ペット共生住宅空房列表:
    - 513号室 | 210,200円 | 共益費:6,730円 | 2LDK | 83㎡ | 5階

【幕張ベイタウン パティオス22番街】
  → 当前没有ペット共生住宅的空房

【ハートアイランド新田二番街】
  → 当前没有ペット共生住宅的空房

【ひばりが丘パークヒルズ】
  → 当前没有ペット共生住宅的空房

【プラザ新小金井】
  → 当前没有ペット共生住宅的空房

【コンフォール明神台】
  → 当前没有ペット共生住宅的空房


==============================
==== 抓取时间: 2025-10-10 02:52:49 (JST) ====
==============================

【潮見駅前プラザ一番街】
  ペット共生住宅空房列表:
    - 513号室 | 210,200円 | 共益費:6,730円 | 2LDK | 83㎡ | 5階

【幕張ベイタウン パティオス22番街】
  → 当前没有ペット共生住宅的空房

【ハートアイランド新田二番街】
  → 当前没有ペット共生住宅的空房

【ひばりが丘パークヒルズ】
  → 当前没有ペット共生住宅的空房

【プラザ新小金井】
  → 当前没有ペット共生住宅的空房

【コンフォール明神台】
  → 当前没有ペット共生住宅的空房


==============================
==== 抓取时间: 2025-10-10 02:57:52 (JST) ====
==============================

【潮見駅前プラザ一番街】
  ペット共生住宅空房列表:
    - 513号室 | 210,200円 | 共益費:6,730円 | 2LDK | 83㎡ | 5階

【幕張ベイタウン パティオス22番街】
  → 当前没有ペット共生住宅的空房

【ハートアイランド新田二番街】
  → 当前没有ペット共生住宅的空房

【ひばりが丘パークヒルズ】
  → 当前没有ペット共生住宅的空房

【プラザ新小金井】
  → 当前没有ペット共生住宅的空房

【コンフォール明神台】
  → 当前没有ペット共生住宅的空房


==============================
==== 抓取时间: 2025-10-10 03:02:49 (JST) ====
==============================

【潮見駅前プラザ一番街】
  ペット共生住宅空房列表:
    - 513号室 | 210,200円 | 共益費:6,730円 | 2LDK | 83㎡ | 5階

【幕張ベイタウン パティオス22番街】
  → 当前没有ペット共生住宅的空房

【ハートアイランド新田二番街】
  → 当前没有ペット共生住宅的空房

【ひばりが丘パークヒルズ】
  → 当前没有ペット共生住宅的空房

【プラザ新小金井】
  → 当前没有ペット共生住宅的空房

【コンフォール明神台】
  → 当前没有ペット共生住宅的空房


==============================
==== 抓取时间: 2025-10-10 03:07:52 (JST) ====
==============================

【潮見駅前プラザ一番街】
  ペット共生住宅空房列表:
    - 513号室 | 210,200円 | 共益費:6,730円 | 2LDK | 83㎡ | 5階

【幕張ベイタウン パティオス22番街】
  → 当前没有ペット共生住宅的空房

【ハートアイランド新田二番街】
  → 当前没有ペット共生住宅的空房

【ひばりが丘パークヒルズ】
  → 当前没有ペット共生住宅的空房

【プラザ新小金井】
  → 当前没有ペット共生住宅的空房

【コンフォール明神台】
  → 当前没有ペット共生住宅的空房


==============================
==== 抓取时间: 2025-10-10 03:12:53 (JST) ====
==============================

【潮見駅前プラザ一番街】
  ペット共生住宅空房列表:
    - 513号室 | 210,200円 | 共益費:6,730円 | 2LDK | 83㎡ | 5階

【幕張ベイタウン パティオス22番街】
  → 当前没有ペット共生住宅的空房

【ハートアイランド新田二番街】
  → 当前没有ペット共生住宅的空房

【ひばりが丘パークヒルズ】
  → 当前没有ペット共生住宅的空房

【プラザ新小金井】
  → 当前没有ペット共生住宅的空房

【コンフォール明神台】
  → 当前没有ペット共生住宅的空房


==============================
==== 抓取时间: 2025-10-10 03:18:22 (JST) ====
==============================

【潮見駅前プラザ一番街】
  ペット共生住宅空房列表:
    - 513号室 | 210,200円 | 共益費:6,730円 | 2LDK | 83㎡ | 5階

【幕張ベイタウン パティオス22番街】
  → 当前没有ペット共生住宅的空房

【ハートアイランド新田二番街】
  → 当前没有ペット共生住宅的空房

【ひばりが丘パークヒルズ】
  → 当前没有ペット共生住宅的空房

【プラザ新小金井】
  → 当前没有ペット共生住宅的空房

【コンフォール明神台】
  → 当前没有ペット共生住宅的空房


==============================
==== 抓取时间: 2025-10-10 03:22:45 (JST) ====
==============================

【潮見駅前プラザ一番街】
  ペット共生住宅空房列表:
    - 513号室 | 210,200円 | 共益費:6,730円 | 2LDK | 83㎡ | 5階

【幕張ベイタウン パティオス22番街】
  → 当前没有ペット共生住宅的空房

【ハートアイランド新田二番街】
  → 当前没有ペット共生住宅的空房

【ひばりが丘パークヒルズ】
  → 当前没有ペット共生住宅的空房

【プラザ新小金井】
  → 当前没有ペット共生住宅的空房

【コンフォール明神台】
  → 当前没有ペット共生住宅的空房


==============================
==== 抓取时间: 2025-10-10 03:27:52 (JST) ====
==============================

【潮見駅前プラザ一番街】
  ペット共生住宅空房列表:
    - 513号室 | 210,200円 | 共益費:6,730円 | 2LDK | 83㎡ | 5階

【幕張ベイタウン パティオス22番街】
  → 当前没有ペット共生住宅的空房

【ハートアイランド新田二番街】
  → 当前没有ペット共生住宅的空房

【ひばりが丘パークヒルズ】
  → 当前没有ペット共生住宅的空房

【プラザ新小金井】
  → 当前没有ペット共生住宅的空房

【コンフォール明神台】
  → 当前没有ペット共生住宅的空房


==============================
==== 抓取时间: 2025-10-10 03:32:47 (JST) ====
==============================

【潮見駅前プラザ一番街】
  ペット共生住宅空房列表:
    - 513号室 | 210,200円 | 共益費:6,730円 | 2LDK | 83㎡ | 5階

【幕張ベイタウン パティオス22番街】
  → 当前没有ペット共生住宅的空房

【ハートアイランド新田二番街】
  → 当前没有ペット共生住宅的空房

【ひばりが丘パークヒルズ】
  → 当前没有ペット共生住宅的空房

【プラザ新小金井】
  → 当前没有ペット共生住宅的空房

【コンフォール明神台】
  → 当前没有ペット共生住宅的空房


==============================
==== 抓取时间: 2025-10-10 03:37:43 (JST) ====
==============================

【潮見駅前プラザ一番街】
  ペット共生住宅空房列表:
    - 513号室 | 210,200円 | 共益費:6,730円 | 2LDK | 83㎡ | 5階

【幕張ベイタウン パティオス22番街】
  → 当前没有ペット共生住宅的空房

【ハートアイランド新田二番街】
  → 当前没有ペット共生住宅的空房

【ひばりが丘パークヒルズ】
  → 当前没有ペット共生住宅的空房

【プラザ新小金井】
  → 当前没有ペット共生住宅的空房

【コンフォール明神台】
  → 当前没有ペット共生住宅的空房


==============================
==== 抓取时间: 2025-10-10 03:42:47 (JST) ====
==============================

【潮見駅前プラザ一番街】
  ペット共生住宅空房列表:
    - 513号室 | 210,200円 | 共益費:6,730円 | 2LDK | 83㎡ | 5階

【幕張ベイタウン パティオス22番街】
  → 当前没有ペット共生住宅的空房

【ハートアイランド新田二番街】
  → 当前没有ペット共生住宅的空房

【ひばりが丘パークヒルズ】
  → 当前没有ペット共生住宅的空房

【プラザ新小金井】
  → 当前没有ペット共生住宅的空房

【コンフォール明神台】
  → 当前没有ペット共生住宅的空房


==============================
==== 抓取时间: 2025-10-10 03:47:49 (JST) ====
==============================

【潮見駅前プラザ一番街】
  ペット共生住宅空房列表:
    - 513号室 | 210,200円 | 共益費:6,730円 | 2LDK | 83㎡ | 5階

【幕張ベイタウン パティオス22番街】
  → 当前没有ペット共生住宅的空房

【ハートアイランド新田二番街】
  → 当前没有ペット共生住宅的空房

【ひばりが丘パークヒルズ】
  → 当前没有ペット共生住宅的空房

【プラザ新小金井】
  → 当前没有ペット共生住宅的空房

【コンフォール明神台】
  → 当前没有ペット共生住宅的空房


==============================
==== 抓取时间: 2025-10-10 03:52:46 (JST) ====
==============================

【潮見駅前プラザ一番街】
  ペット共生住宅空房列表:
    - 513号室 | 210,200円 | 共益費:6,730円 | 2LDK | 83㎡ | 5階

【幕張ベイタウン パティオス22番街】
  → 当前没有ペット共生住宅的空房

【ハートアイランド新田二番街】
  → 当前没有ペット共生住宅的空房

【ひばりが丘パークヒルズ】
  → 当前没有ペット共生住宅的空房

【プラザ新小金井】
  → 当前没有ペット共生住宅的空房

【コンフォール明神台】
  → 当前没有ペット共生住宅的空房


==============================
==== 抓取时间: 2025-10-10 03:57:49 (JST) ====
==============================

【潮見駅前プラザ一番街】
  ペット共生住宅空房列表:
    - 513号室 | 210,200円 | 共益費:6,730円 | 2LDK | 83㎡ | 5階

【幕張ベイタウン パティオス22番街】
  → 当前没有ペット共生住宅的空房

【ハートアイランド新田二番街】
  → 当前没有ペット共生住宅的空房

【ひばりが丘パークヒルズ】
  → 当前没有ペット共生住宅的空房

【プラザ新小金井】
  → 当前没有ペット共生住宅的空房

【コンフォール明神台】
  → 当前没有ペット共生住宅的空房


==============================
==== 抓取时间: 2025-10-10 04:02:47 (JST) ====
==============================

【潮見駅前プラザ一番街】
  ペット共生住宅空房列表:
    - 513号室 | 210,200円 | 共益費:6,730円 | 2LDK | 83㎡ | 5階

【幕張ベイタウン パティオス22番街】
  → 当前没有ペット共生住宅的空房

【ハートアイランド新田二番街】
  → 当前没有ペット共生住宅的空房

【ひばりが丘パークヒルズ】
  → 当前没有ペット共生住宅的空房

【プラザ新小金井】
  → 当前没有ペット共生住宅的空房

【コンフォール明神台】
  → 当前没有ペット共生住宅的空房


==============================
==== 抓取时间: 2025-10-10 04:07:46 (JST) ====
==============================

【潮見駅前プラザ一番街】
  ペット共生住宅空房列表:
    - 513号室 | 210,200円 | 共益費:6,730円 | 2LDK | 83㎡ | 5階

【幕張ベイタウン パティオス22番街】
  → 当前没有ペット共生住宅的空房

【ハートアイランド新田二番街】
  → 当前没有ペット共生住宅的空房

【ひばりが丘パークヒルズ】
  → 当前没有ペット共生住宅的空房

【プラザ新小金井】
  → 当前没有ペット共生住宅的空房

【コンフォール明神台】
  → 当前没有ペット共生住宅的空房


==============================
==== 抓取时间: 2025-10-10 04:12:50 (JST) ====
==============================

【潮見駅前プラザ一番街】
  ペット共生住宅空房列表:
    - 513号室 | 210,200円 | 共益費:6,730円 | 2LDK | 83㎡ | 5階

【幕張ベイタウン パティオス22番街】
  → 当前没有ペット共生住宅的空房

【ハートアイランド新田二番街】
  → 当前没有ペット共生住宅的空房

【ひばりが丘パークヒルズ】
  → 当前没有ペット共生住宅的空房

【プラザ新小金井】
  → 当前没有ペット共生住宅的空房

【コンフォール明神台】
  → 当前没有ペット共生住宅的空房


==============================
==== 抓取时间: 2025-10-10 04:17:46 (JST) ====
==============================

【潮見駅前プラザ一番街】
  ペット共生住宅空房列表:
    - 513号室 | 210,200円 | 共益費:6,730円 | 2LDK | 83㎡ | 5階

【幕張ベイタウン パティオス22番街】
  → 当前没有ペット共生住宅的空房

【ハートアイランド新田二番街】
  → 当前没有ペット共生住宅的空房

【ひばりが丘パークヒルズ】
  → 当前没有ペット共生住宅的空房

【プラザ新小金井】
  → 当前没有ペット共生住宅的空房

【コンフォール明神台】
  → 当前没有ペット共生住宅的空房


==============================
==== 抓取时间: 2025-10-10 04:22:50 (JST) ====
==============================

【潮見駅前プラザ一番街】
  ペット共生住宅空房列表:
    - 513号室 | 210,200円 | 共益費:6,730円 | 2LDK | 83㎡ | 5階

【幕張ベイタウン パティオス22番街】
  → 当前没有ペット共生住宅的空房

【ハートアイランド新田二番街】
  → 当前没有ペット共生住宅的空房

【ひばりが丘パークヒルズ】
  → 当前没有ペット共生住宅的空房

【プラザ新小金井】
  → 当前没有ペット共生住宅的空房

【コンフォール明神台】
  → 当前没有ペット共生住宅的空房


==============================
==== 抓取时间: 2025-10-10 04:27:51 (JST) ====
==============================

【潮見駅前プラザ一番街】
  ペット共生住宅空房列表:
    - 513号室 | 210,200円 | 共益費:6,730円 | 2LDK | 83㎡ | 5階

【幕張ベイタウン パティオス22番街】
  → 当前没有ペット共生住宅的空房

【ハートアイランド新田二番街】
  → 当前没有ペット共生住宅的空房

【ひばりが丘パークヒルズ】
  → 当前没有ペット共生住宅的空房

【プラザ新小金井】
  → 当前没有ペット共生住宅的空房

【コンフォール明神台】
  → 当前没有ペット共生住宅的空房


==============================
==== 抓取时间: 2025-10-10 04:32:47 (JST) ====
==============================

【潮見駅前プラザ一番街】
  ペット共生住宅空房列表:
    - 513号室 | 210,200円 | 共益費:6,730円 | 2LDK | 83㎡ | 5階

【幕張ベイタウン パティオス22番街】
  → 当前没有ペット共生住宅的空房

【ハートアイランド新田二番街】
  → 当前没有ペット共生住宅的空房

【ひばりが丘パークヒルズ】
  → 当前没有ペット共生住宅的空房

【プラザ新小金井】
  → 当前没有ペット共生住宅的空房

【コンフォール明神台】
  → 当前没有ペット共生住宅的空房


==============================
==== 抓取时间: 2025-10-10 04:37:49 (JST) ====
==============================

【潮見駅前プラザ一番街】
  ペット共生住宅空房列表:
    - 513号室 | 210,200円 | 共益費:6,730円 | 2LDK | 83㎡ | 5階

【幕張ベイタウン パティオス22番街】
  → 当前没有ペット共生住宅的空房

【ハートアイランド新田二番街】
  → 当前没有ペット共生住宅的空房

【ひばりが丘パークヒルズ】
  → 当前没有ペット共生住宅的空房

【プラザ新小金井】
  → 当前没有ペット共生住宅的空房

【コンフォール明神台】
  → 当前没有ペット共生住宅的空房


==============================
==== 抓取时间: 2025-10-10 04:42:45 (JST) ====
==============================

【潮見駅前プラザ一番街】
  ペット共生住宅空房列表:
    - 513号室 | 210,200円 | 共益費:6,730円 | 2LDK | 83㎡ | 5階

【幕張ベイタウン パティオス22番街】
  → 当前没有ペット共生住宅的空房

【ハートアイランド新田二番街】
  → 当前没有ペット共生住宅的空房

【ひばりが丘パークヒルズ】
  → 当前没有ペット共生住宅的空房

【プラザ新小金井】
  → 当前没有ペット共生住宅的空房

【コンフォール明神台】
  → 当前没有ペット共生住宅的空房


==============================
==== 抓取时间: 2025-10-10 04:47:44 (JST) ====
==============================

【潮見駅前プラザ一番街】
  ペット共生住宅空房列表:
    - 513号室 | 210,200円 | 共益費:6,730円 | 2LDK | 83㎡ | 5階

【幕張ベイタウン パティオス22番街】
  → 当前没有ペット共生住宅的空房

【ハートアイランド新田二番街】
  → 当前没有ペット共生住宅的空房

【ひばりが丘パークヒルズ】
  → 当前没有ペット共生住宅的空房

【プラザ新小金井】
  → 当前没有ペット共生住宅的空房

【コンフォール明神台】
  → 当前没有ペット共生住宅的空房


==============================
==== 抓取时间: 2025-10-10 04:52:48 (JST) ====
==============================

【潮見駅前プラザ一番街】
  ペット共生住宅空房列表:
    - 513号室 | 210,200円 | 共益費:6,730円 | 2LDK | 83㎡ | 5階

【幕張ベイタウン パティオス22番街】
  → 当前没有ペット共生住宅的空房

【ハートアイランド新田二番街】
  → 当前没有ペット共生住宅的空房

【ひばりが丘パークヒルズ】
  → 当前没有ペット共生住宅的空房

【プラザ新小金井】
  → 当前没有ペット共生住宅的空房

【コンフォール明神台】
  → 当前没有ペット共生住宅的空房


==============================
==== 抓取时间: 2025-10-10 04:58:41 (JST) ====
==============================

【潮見駅前プラザ一番街】
  ペット共生住宅空房列表:
    - 513号室 | 210,200円 | 共益費:6,730円 | 2LDK | 83㎡ | 5階

【幕張ベイタウン パティオス22番街】
  → 当前没有ペット共生住宅的空房

【ハートアイランド新田二番街】
  → 当前没有ペット共生住宅的空房

【ひばりが丘パークヒルズ】
  → 当前没有ペット共生住宅的空房

【プラザ新小金井】
  → 当前没有ペット共生住宅的空房

【コンフォール明神台】
  → 当前没有ペット共生住宅的空房


==============================
==== 抓取时间: 2025-10-10 05:02:51 (JST) ====
==============================

【潮見駅前プラザ一番街】
  ペット共生住宅空房列表:
    - 513号室 | 210,200円 | 共益費:6,730円 | 2LDK | 83㎡ | 5階

【幕張ベイタウン パティオス22番街】
  → 当前没有ペット共生住宅的空房

【ハートアイランド新田二番街】
  → 当前没有ペット共生住宅的空房

【ひばりが丘パークヒルズ】
  → 当前没有ペット共生住宅的空房

【プラザ新小金井】
  → 当前没有ペット共生住宅的空房

【コンフォール明神台】
  → 当前没有ペット共生住宅的空房


==============================
==== 抓取时间: 2025-10-10 05:07:46 (JST) ====
==============================

【潮見駅前プラザ一番街】
  ペット共生住宅空房列表:
    - 513号室 | 210,200円 | 共益費:6,730円 | 2LDK | 83㎡ | 5階

【幕張ベイタウン パティオス22番街】
  → 当前没有ペット共生住宅的空房

【ハートアイランド新田二番街】
  → 当前没有ペット共生住宅的空房

【ひばりが丘パークヒルズ】
  → 当前没有ペット共生住宅的空房

【プラザ新小金井】
  → 当前没有ペット共生住宅的空房

【コンフォール明神台】
  → 当前没有ペット共生住宅的空房


==============================
==== 抓取时间: 2025-10-10 05:12:46 (JST) ====
==============================

【潮見駅前プラザ一番街】
  ペット共生住宅空房列表:
    - 513号室 | 210,200円 | 共益費:6,730円 | 2LDK | 83㎡ | 5階

【幕張ベイタウン パティオス22番街】
  → 当前没有ペット共生住宅的空房

【ハートアイランド新田二番街】
  → 当前没有ペット共生住宅的空房

【ひばりが丘パークヒルズ】
  → 当前没有ペット共生住宅的空房

【プラザ新小金井】
  → 当前没有ペット共生住宅的空房

【コンフォール明神台】
  → 当前没有ペット共生住宅的空房


==============================
==== 抓取时间: 2025-10-10 05:18:24 (JST) ====
==============================

【潮見駅前プラザ一番街】
  ペット共生住宅空房列表:
    - 513号室 | 210,200円 | 共益費:6,730円 | 2LDK | 83㎡ | 5階

【幕張ベイタウン パティオス22番街】
  → 当前没有ペット共生住宅的空房

【ハートアイランド新田二番街】
  → 当前没有ペット共生住宅的空房

【ひばりが丘パークヒルズ】
  → 当前没有ペット共生住宅的空房

【プラザ新小金井】
  → 当前没有ペット共生住宅的空房

【コンフォール明神台】
  → 当前没有ペット共生住宅的空房


==============================
==== 抓取时间: 2025-10-10 05:22:50 (JST) ====
==============================

【潮見駅前プラザ一番街】
  ペット共生住宅空房列表:
    - 513号室 | 210,200円 | 共益費:6,730円 | 2LDK | 83㎡ | 5階

【幕張ベイタウン パティオス22番街】
  → 当前没有ペット共生住宅的空房

【ハートアイランド新田二番街】
  → 当前没有ペット共生住宅的空房

【ひばりが丘パークヒルズ】
  → 当前没有ペット共生住宅的空房

【プラザ新小金井】
  → 当前没有ペット共生住宅的空房

【コンフォール明神台】
  → 当前没有ペット共生住宅的空房


==============================
==== 抓取时间: 2025-10-10 05:27:46 (JST) ====
==============================

【潮見駅前プラザ一番街】
  ペット共生住宅空房列表:
    - 513号室 | 210,200円 | 共益費:6,730円 | 2LDK | 83㎡ | 5階

【幕張ベイタウン パティオス22番街】
  → 当前没有ペット共生住宅的空房

【ハートアイランド新田二番街】
  → 当前没有ペット共生住宅的空房

【ひばりが丘パークヒルズ】
  → 当前没有ペット共生住宅的空房

【プラザ新小金井】
  → 当前没有ペット共生住宅的空房

【コンフォール明神台】
  → 当前没有ペット共生住宅的空房


==============================
==== 抓取时间: 2025-10-10 05:32:46 (JST) ====
==============================

【潮見駅前プラザ一番街】
  ペット共生住宅空房列表:
    - 513号室 | 210,200円 | 共益費:6,730円 | 2LDK | 83㎡ | 5階

【幕張ベイタウン パティオス22番街】
  → 当前没有ペット共生住宅的空房

【ハートアイランド新田二番街】
  → 当前没有ペット共生住宅的空房

【ひばりが丘パークヒルズ】
  → 当前没有ペット共生住宅的空房

【プラザ新小金井】
  → 当前没有ペット共生住宅的空房

【コンフォール明神台】
  → 当前没有ペット共生住宅的空房


==============================
==== 抓取时间: 2025-10-10 05:37:48 (JST) ====
==============================

【潮見駅前プラザ一番街】
  ペット共生住宅空房列表:
    - 513号室 | 210,200円 | 共益費:6,730円 | 2LDK | 83㎡ | 5階

【幕張ベイタウン パティオス22番街】
  → 当前没有ペット共生住宅的空房

【ハートアイランド新田二番街】
  → 当前没有ペット共生住宅的空房

【ひばりが丘パークヒルズ】
  → 当前没有ペット共生住宅的空房

【プラザ新小金井】
  → 当前没有ペット共生住宅的空房

【コンフォール明神台】
  → 当前没有ペット共生住宅的空房


==============================
==== 抓取时间: 2025-10-10 05:42:50 (JST) ====
==============================

【潮見駅前プラザ一番街】
  ペット共生住宅空房列表:
    - 513号室 | 210,200円 | 共益費:6,730円 | 2LDK | 83㎡ | 5階

【幕張ベイタウン パティオス22番街】
  → 当前没有ペット共生住宅的空房

【ハートアイランド新田二番街】
  → 当前没有ペット共生住宅的空房

【ひばりが丘パークヒルズ】
  → 当前没有ペット共生住宅的空房

【プラザ新小金井】
  → 当前没有ペット共生住宅的空房

【コンフォール明神台】
  → 当前没有ペット共生住宅的空房


==============================
==== 抓取时间: 2025-10-10 05:47:46 (JST) ====
==============================

【潮見駅前プラザ一番街】
  ペット共生住宅空房列表:
    - 513号室 | 210,200円 | 共益費:6,730円 | 2LDK | 83㎡ | 5階

【幕張ベイタウン パティオス22番街】
  → 当前没有ペット共生住宅的空房

【ハートアイランド新田二番街】
  → 当前没有ペット共生住宅的空房

【ひばりが丘パークヒルズ】
  → 当前没有ペット共生住宅的空房

【プラザ新小金井】
  → 当前没有ペット共生住宅的空房

【コンフォール明神台】
  → 当前没有ペット共生住宅的空房


==============================
==== 抓取时间: 2025-10-10 05:52:49 (JST) ====
==============================

【潮見駅前プラザ一番街】
  ペット共生住宅空房列表:
    - 513号室 | 210,200円 | 共益費:6,730円 | 2LDK | 83㎡ | 5階

【幕張ベイタウン パティオス22番街】
  → 当前没有ペット共生住宅的空房

【ハートアイランド新田二番街】
  → 当前没有ペット共生住宅的空房

【ひばりが丘パークヒルズ】
  → 当前没有ペット共生住宅的空房

【プラザ新小金井】
  → 当前没有ペット共生住宅的空房

【コンフォール明神台】
  → 当前没有ペット共生住宅的空房


==============================
==== 抓取时间: 2025-10-10 05:57:46 (JST) ====
==============================

【潮見駅前プラザ一番街】
  ペット共生住宅空房列表:
    - 513号室 | 210,200円 | 共益費:6,730円 | 2LDK | 83㎡ | 5階

【幕張ベイタウン パティオス22番街】
  → 当前没有ペット共生住宅的空房

【ハートアイランド新田二番街】
  → 当前没有ペット共生住宅的空房

【ひばりが丘パークヒルズ】
  → 当前没有ペット共生住宅的空房

【プラザ新小金井】
  → 当前没有ペット共生住宅的空房

【コンフォール明神台】
  → 当前没有ペット共生住宅的空房


==============================
==== 抓取时间: 2025-10-10 06:02:44 (JST) ====
==============================

【潮見駅前プラザ一番街】
  ペット共生住宅空房列表:
    - 513号室 | 210,200円 | 共益費:6,730円 | 2LDK | 83㎡ | 5階

【幕張ベイタウン パティオス22番街】
  → 当前没有ペット共生住宅的空房

【ハートアイランド新田二番街】
  → 当前没有ペット共生住宅的空房

【ひばりが丘パークヒルズ】
  → 当前没有ペット共生住宅的空房

【プラザ新小金井】
  → 当前没有ペット共生住宅的空房

【コンフォール明神台】
  → 当前没有ペット共生住宅的空房


==============================
==== 抓取时间: 2025-10-10 06:07:45 (JST) ====
==============================

【潮見駅前プラザ一番街】
  ペット共生住宅空房列表:
    - 513号室 | 210,200円 | 共益費:6,730円 | 2LDK | 83㎡ | 5階

【幕張ベイタウン パティオス22番街】
  → 当前没有ペット共生住宅的空房

【ハートアイランド新田二番街】
  → 当前没有ペット共生住宅的空房

【ひばりが丘パークヒルズ】
  → 当前没有ペット共生住宅的空房

【プラザ新小金井】
  → 当前没有ペット共生住宅的空房

【コンフォール明神台】
  → 当前没有ペット共生住宅的空房


==============================
==== 抓取时间: 2025-10-10 06:12:47 (JST) ====
==============================

【潮見駅前プラザ一番街】
  ペット共生住宅空房列表:
    - 513号室 | 210,200円 | 共益費:6,730円 | 2LDK | 83㎡ | 5階

【幕張ベイタウン パティオス22番街】
  → 当前没有ペット共生住宅的空房

【ハートアイランド新田二番街】
  → 当前没有ペット共生住宅的空房

【ひばりが丘パークヒルズ】
  → 当前没有ペット共生住宅的空房

【プラザ新小金井】
  → 当前没有ペット共生住宅的空房

【コンフォール明神台】
  → 当前没有ペット共生住宅的空房


==============================
==== 抓取时间: 2025-10-10 06:17:42 (JST) ====
==============================

【潮見駅前プラザ一番街】
  ペット共生住宅空房列表:
    - 513号室 | 210,200円 | 共益費:6,730円 | 2LDK | 83㎡ | 5階

【幕張ベイタウン パティオス22番街】
  → 当前没有ペット共生住宅的空房

【ハートアイランド新田二番街】
  → 当前没有ペット共生住宅的空房

【ひばりが丘パークヒルズ】
  → 当前没有ペット共生住宅的空房

【プラザ新小金井】
  → 当前没有ペット共生住宅的空房

【コンフォール明神台】
  → 当前没有ペット共生住宅的空房


==============================
==== 抓取时间: 2025-10-10 06:22:45 (JST) ====
==============================

【潮見駅前プラザ一番街】
  ペット共生住宅空房列表:
    - 513号室 | 210,200円 | 共益費:6,730円 | 2LDK | 83㎡ | 5階

【幕張ベイタウン パティオス22番街】
  → 当前没有ペット共生住宅的空房

【ハートアイランド新田二番街】
  → 当前没有ペット共生住宅的空房

【ひばりが丘パークヒルズ】
  → 当前没有ペット共生住宅的空房

【プラザ新小金井】
  → 当前没有ペット共生住宅的空房

【コンフォール明神台】
  → 当前没有ペット共生住宅的空房


==============================
==== 抓取时间: 2025-10-10 06:27:46 (JST) ====
==============================

【潮見駅前プラザ一番街】
  ペット共生住宅空房列表:
    - 513号室 | 210,200円 | 共益費:6,730円 | 2LDK | 83㎡ | 5階

【幕張ベイタウン パティオス22番街】
  → 当前没有ペット共生住宅的空房

【ハートアイランド新田二番街】
  → 当前没有ペット共生住宅的空房

【ひばりが丘パークヒルズ】
  → 当前没有ペット共生住宅的空房

【プラザ新小金井】
  → 当前没有ペット共生住宅的空房

【コンフォール明神台】
  → 当前没有ペット共生住宅的空房


==============================
==== 抓取时间: 2025-10-10 06:33:49 (JST) ====
==============================

【潮見駅前プラザ一番街】
  ペット共生住宅空房列表:
    - 513号室 | 210,200円 | 共益費:6,730円 | 2LDK | 83㎡ | 5階

【幕張ベイタウン パティオス22番街】
  → 当前没有ペット共生住宅的空房

【ハートアイランド新田二番街】
  → 当前没有ペット共生住宅的空房

【ひばりが丘パークヒルズ】
  → 当前没有ペット共生住宅的空房

【プラザ新小金井】
  → 当前没有ペット共生住宅的空房

【コンフォール明神台】
  → 当前没有ペット共生住宅的空房


==============================
==== 抓取时间: 2025-10-10 06:37:47 (JST) ====
==============================

【潮見駅前プラザ一番街】
  ペット共生住宅空房列表:
    - 513号室 | 210,200円 | 共益費:6,730円 | 2LDK | 83㎡ | 5階

【幕張ベイタウン パティオス22番街】
  → 当前没有ペット共生住宅的空房

【ハートアイランド新田二番街】
  → 当前没有ペット共生住宅的空房

【ひばりが丘パークヒルズ】
  → 当前没有ペット共生住宅的空房

【プラザ新小金井】
  → 当前没有ペット共生住宅的空房

【コンフォール明神台】
  → 当前没有ペット共生住宅的空房


==============================
==== 抓取时间: 2025-10-10 06:42:46 (JST) ====
==============================

【潮見駅前プラザ一番街】
  ペット共生住宅空房列表:
    - 513号室 | 210,200円 | 共益費:6,730円 | 2LDK | 83㎡ | 5階

【幕張ベイタウン パティオス22番街】
  → 当前没有ペット共生住宅的空房

【ハートアイランド新田二番街】
  → 当前没有ペット共生住宅的空房

【ひばりが丘パークヒルズ】
  → 当前没有ペット共生住宅的空房

【プラザ新小金井】
  → 当前没有ペット共生住宅的空房

【コンフォール明神台】
  → 当前没有ペット共生住宅的空房


==============================
==== 抓取时间: 2025-10-10 06:47:52 (JST) ====
==============================

【潮見駅前プラザ一番街】
  ペット共生住宅空房列表:
    - 513号室 | 210,200円 | 共益費:6,730円 | 2LDK | 83㎡ | 5階

【幕張ベイタウン パティオス22番街】
  → 当前没有ペット共生住宅的空房

【ハートアイランド新田二番街】
  → 当前没有ペット共生住宅的空房

【ひばりが丘パークヒルズ】
  → 当前没有ペット共生住宅的空房

【プラザ新小金井】
  → 当前没有ペット共生住宅的空房

【コンフォール明神台】
  → 当前没有ペット共生住宅的空房


==============================
==== 抓取时间: 2025-10-10 06:52:46 (JST) ====
==============================

【潮見駅前プラザ一番街】
  ペット共生住宅空房列表:
    - 513号室 | 210,200円 | 共益費:6,730円 | 2LDK | 83㎡ | 5階

【幕張ベイタウン パティオス22番街】
  → 当前没有ペット共生住宅的空房

【ハートアイランド新田二番街】
  → 当前没有ペット共生住宅的空房

【ひばりが丘パークヒルズ】
  → 当前没有ペット共生住宅的空房

【プラザ新小金井】
  → 当前没有ペット共生住宅的空房

【コンフォール明神台】
  → 当前没有ペット共生住宅的空房


==============================
==== 抓取时间: 2025-10-10 06:57:48 (JST) ====
==============================

【潮見駅前プラザ一番街】
  ペット共生住宅空房列表:
    - 513号室 | 210,200円 | 共益費:6,730円 | 2LDK | 83㎡ | 5階

【幕張ベイタウン パティオス22番街】
  → 当前没有ペット共生住宅的空房

【ハートアイランド新田二番街】
  → 当前没有ペット共生住宅的空房

【ひばりが丘パークヒルズ】
  → 当前没有ペット共生住宅的空房

【プラザ新小金井】
  → 当前没有ペット共生住宅的空房

【コンフォール明神台】
  → 当前没有ペット共生住宅的空房


==============================
==== 抓取时间: 2025-10-10 07:02:48 (JST) ====
==============================

【潮見駅前プラザ一番街】
  ペット共生住宅空房列表:
    - 513号室 | 210,200円 | 共益費:6,730円 | 2LDK | 83㎡ | 5階

【幕張ベイタウン パティオス22番街】
  → 当前没有ペット共生住宅的空房

【ハートアイランド新田二番街】
  → 当前没有ペット共生住宅的空房

【ひばりが丘パークヒルズ】
  → 当前没有ペット共生住宅的空房

【プラザ新小金井】
  → 当前没有ペット共生住宅的空房

【コンフォール明神台】
  → 当前没有ペット共生住宅的空房


==============================
==== 抓取时间: 2025-10-10 07:07:45 (JST) ====
==============================

【潮見駅前プラザ一番街】
  ペット共生住宅空房列表:
    - 513号室 | 210,200円 | 共益費:6,730円 | 2LDK | 83㎡ | 5階

【幕張ベイタウン パティオス22番街】
  → 当前没有ペット共生住宅的空房

【ハートアイランド新田二番街】
  → 当前没有ペット共生住宅的空房

【ひばりが丘パークヒルズ】
  → 当前没有ペット共生住宅的空房

【プラザ新小金井】
  → 当前没有ペット共生住宅的空房

【コンフォール明神台】
  → 当前没有ペット共生住宅的空房


==============================
==== 抓取时间: 2025-10-10 07:12:45 (JST) ====
==============================

【潮見駅前プラザ一番街】
  ペット共生住宅空房列表:
    - 513号室 | 210,200円 | 共益費:6,730円 | 2LDK | 83㎡ | 5階

【幕張ベイタウン パティオス22番街】
  → 当前没有ペット共生住宅的空房

【ハートアイランド新田二番街】
  → 当前没有ペット共生住宅的空房

【ひばりが丘パークヒルズ】
  → 当前没有ペット共生住宅的空房

【プラザ新小金井】
  → 当前没有ペット共生住宅的空房

【コンフォール明神台】
  → 当前没有ペット共生住宅的空房


==============================
==== 抓取时间: 2025-10-10 07:18:20 (JST) ====
==============================

【潮見駅前プラザ一番街】
  ペット共生住宅空房列表:
    - 513号室 | 210,200円 | 共益費:6,730円 | 2LDK | 83㎡ | 5階

【幕張ベイタウン パティオス22番街】
  → 当前没有ペット共生住宅的空房

【ハートアイランド新田二番街】
  → 当前没有ペット共生住宅的空房

【ひばりが丘パークヒルズ】
  → 当前没有ペット共生住宅的空房

【プラザ新小金井】
  → 当前没有ペット共生住宅的空房

【コンフォール明神台】
  → 当前没有ペット共生住宅的空房


==============================
==== 抓取时间: 2025-10-10 07:22:50 (JST) ====
==============================

【潮見駅前プラザ一番街】
  ペット共生住宅空房列表:
    - 513号室 | 210,200円 | 共益費:6,730円 | 2LDK | 83㎡ | 5階

【幕張ベイタウン パティオス22番街】
  → 当前没有ペット共生住宅的空房

【ハートアイランド新田二番街】
  → 当前没有ペット共生住宅的空房

【ひばりが丘パークヒルズ】
  → 当前没有ペット共生住宅的空房

【プラザ新小金井】
  → 当前没有ペット共生住宅的空房

【コンフォール明神台】
  → 当前没有ペット共生住宅的空房


==============================
==== 抓取时间: 2025-10-10 07:27:48 (JST) ====
==============================

【潮見駅前プラザ一番街】
  ペット共生住宅空房列表:
    - 513号室 | 210,200円 | 共益費:6,730円 | 2LDK | 83㎡ | 5階

【幕張ベイタウン パティオス22番街】
  → 当前没有ペット共生住宅的空房

【ハートアイランド新田二番街】
  → 当前没有ペット共生住宅的空房

【ひばりが丘パークヒルズ】
  → 当前没有ペット共生住宅的空房

【プラザ新小金井】
  → 当前没有ペット共生住宅的空房

【コンフォール明神台】
  → 当前没有ペット共生住宅的空房

