
==============================
==== 抓取时间: 2025-09-15 21:48:22.262733 ====
==============================

【潮見駅前プラザ一番街】
  → 当前没有ペット共生住宅的空房

【幕張ベイタウン パティオス22番街】
  → 当前没有ペット共生住宅的空房

【ハートアイランド新田二番街】
  → 当前没有ペット共生住宅的空房

【ひばりが丘パークヒルズ】
  → 当前没有ペット共生住宅的空房

【プラザ新小金井】
  → 当前没有ペット共生住宅的空房

【コンフォール明神台】
  → 当前没有ペット共生住宅的空房

【越谷レイクタウン】
  → 当前没有ペット共生住宅的空房

【浜甲子園なぎさ街】
  🔔 浜甲子園なぎさ街 新出现物件: 42号棟310号室, 43号棟401号室
  ペット共生住宅空房列表:
    - 42号棟310号室 | 85,400円 | 共益費:5,500円 | 1LDK | 43㎡ | 3階
    - 43号棟401号室 | 99,200円 | 共益費:5,500円 | 1LDK | 50㎡ | 4階


==============================
==== 抓取时间: 2025-09-15 21:50:28.555953 ====
==============================

【潮見駅前プラザ一番街】
  → 当前没有ペット共生住宅的空房

【幕張ベイタウン パティオス22番街】
  → 当前没有ペット共生住宅的空房

【ハートアイランド新田二番街】
  → 当前没有ペット共生住宅的空房

【ひばりが丘パークヒルズ】
  → 当前没有ペット共生住宅的空房

【プラザ新小金井】
  → 当前没有ペット共生住宅的空房

【コンフォール明神台】
  → 当前没有ペット共生住宅的空房

【越谷レイクタウン】
  → 当前没有ペット共生住宅的空房

【浜甲子園なぎさ街】
  ペット共生住宅空房列表:
    - 42号棟310号室 | 85,400円 | 共益費:5,500円 | 1LDK | 43㎡ | 3階
    - 43号棟401号室 | 99,200円 | 共益費:5,500円 | 1LDK | 50㎡ | 4階


==============================
==== 抓取时间: 2025-09-15 21:57:42.818730 ====
==============================


==============================
==== 抓取时间: 2025-09-15 21:58:00.376214 ====
==============================


==============================
==== 抓取时间: 2025-09-15 21:58:34.841879 ====
==============================

【潮見駅前プラザ一番街】
  → 当前没有ペット共生住宅的空房

【幕張ベイタウン パティオス22番街】
  → 当前没有ペット共生住宅的空房

【ハートアイランド新田二番街】
  → 当前没有ペット共生住宅的空房

【ひばりが丘パークヒルズ】
  → 当前没有ペット共生住宅的空房

【プラザ新小金井】
  → 当前没有ペット共生住宅的空房

【コンフォール明神台】
  → 当前没有ペット共生住宅的空房

【越谷レイクタウン】
  → 当前没有ペット共生住宅的空房

【浜甲子園なぎさ街】
  🔔 浜甲子園なぎさ街 新出现物件: 43号棟401号室, 42号棟310号室
  ペット共生住宅空房列表:
    - 42号棟310号室 | 85,400円 | 共益費:5,500円 | 1LDK | 43㎡ | 3階
    - 43号棟401号室 | 99,200円 | 共益費:5,500円 | 1LDK | 50㎡ | 4階


==============================
==== 抓取时间: 2025-09-15 22:00:32.297804 ====
==============================

【潮見駅前プラザ一番街】
  → 当前没有ペット共生住宅的空房

【幕張ベイタウン パティオス22番街】
  → 当前没有ペット共生住宅的空房

【ハートアイランド新田二番街】
  → 当前没有ペット共生住宅的空房

【ひばりが丘パークヒルズ】
  → 当前没有ペット共生住宅的空房

【プラザ新小金井】
  → 当前没有ペット共生住宅的空房

【コンフォール明神台】
  → 当前没有ペット共生住宅的空房

