
==============================
==== 抓取时间: 2026-06-12 12:56:56 (JST) ====
==============================

【潮見駅前プラザ一番街】
  → 当前没有ペット共生住宅的空房

【幕張ベイタウン パティオス22番街】
  ペット共生住宅空房列表:
    - 441号室 | 171,800円 | 共益費:5,700円 | 2LDK | 78㎡ | 4階
    - 424号室 | 182,100円 | 共益費:5,700円 | 2LDK | 74㎡ | 4階

【ハートアイランド新田二番街】
  → 当前没有ペット共生住宅的空房

【ひばりが丘パークヒルズ】
  → 当前没有ペット共生住宅的空房

【プラザ新小金井】
  → 当前没有ペット共生住宅的空房

【コンフォール明神台】
  → 当前没有ペット共生住宅的空房


==============================
==== 抓取时间: 2026-06-12 17:27:15 (JST) ====
==============================

【潮見駅前プラザ一番街】
  → 当前没有ペット共生住宅的空房

【幕張ベイタウン パティオス22番街】
  ペット共生住宅空房列表:
    - 424号室 | 182,100円 | 共益費:5,700円 | 2LDK | 74㎡ | 4階

【ハートアイランド新田二番街】
  → 当前没有ペット共生住宅的空房

【ひばりが丘パークヒルズ】
  → 当前没有ペット共生住宅的空房

【プラザ新小金井】
  → 当前没有ペット共生住宅的空房

【コンフォール明神台】
  → 当前没有ペット共生住宅的空房

