
==============================
==== 抓取时间: 2026-01-17 10:40:40 (JST) ====
==============================

【潮見駅前プラザ一番街】
  → 当前没有ペット共生住宅的空房

【幕張ベイタウン パティオス22番街】
  → 当前没有ペット共生住宅的空房

【ハートアイランド新田二番街】
  → 当前没有ペット共生住宅的空房

【ひばりが丘パークヒルズ】
  → 当前没有ペット共生住宅的空房

【プラザ新小金井】
  → 当前没有ペット共生住宅的空房

【コンフォール明神台】
  → 当前没有ペット共生住宅的空房


==============================
==== 抓取时间: 2026-01-17 12:13:11 (JST) ====
==============================

【潮見駅前プラザ一番街】
  → 当前没有ペット共生住宅的空房

【幕張ベイタウン パティオス22番街】
  → 当前没有ペット共生住宅的空房

【ハートアイランド新田二番街】
  → 当前没有ペット共生住宅的空房

【ひばりが丘パークヒルズ】
  → 当前没有ペット共生住宅的空房

【プラザ新小金井】
  → 当前没有ペット共生住宅的空房

【コンフォール明神台】
  → 当前没有ペット共生住宅的空房


==============================
==== 抓取时间: 2026-01-17 13:04:12 (JST) ====
==============================

【潮見駅前プラザ一番街】
  → 当前没有ペット共生住宅的空房

【幕張ベイタウン パティオス22番街】
  → 当前没有ペット共生住宅的空房

【ハートアイランド新田二番街】
  → 当前没有ペット共生住宅的空房

【ひばりが丘パークヒルズ】
  → 当前没有ペット共生住宅的空房

【プラザ新小金井】
  → 当前没有ペット共生住宅的空房

【コンフォール明神台】
  → 当前没有ペット共生住宅的空房


==============================
==== 抓取时间: 2026-01-17 13:41:46 (JST) ====
==============================

【潮見駅前プラザ一番街】
  → 当前没有ペット共生住宅的空房

【幕張ベイタウン パティオス22番街】
  → 当前没有ペット共生住宅的空房

【ハートアイランド新田二番街】
  → 当前没有ペット共生住宅的空房

【ひばりが丘パークヒルズ】
  → 当前没有ペット共生住宅的空房

【プラザ新小金井】
  → 当前没有ペット共生住宅的空房

【コンフォール明神台】
  → 当前没有ペット共生住宅的空房


==============================
==== 抓取时间: 2026-01-17 13:58:19 (JST) ====
==============================

【潮見駅前プラザ一番街】
  → 当前没有ペット共生住宅的空房

【幕張ベイタウン パティオス22番街】
  → 当前没有ペット共生住宅的空房

【ハートアイランド新田二番街】
  → 当前没有ペット共生住宅的空房

【ひばりが丘パークヒルズ】
  → 当前没有ペット共生住宅的空房

【プラザ新小金井】
  → 当前没有ペット共生住宅的空房

【コンフォール明神台】
  → 当前没有ペット共生住宅的空房


==============================
==== 抓取时间: 2026-01-17 14:28:41 (JST) ====
==============================

【潮見駅前プラザ一番街】
  → 当前没有ペット共生住宅的空房

【幕張ベイタウン パティオス22番街】
  → 当前没有ペット共生住宅的空房

【ハートアイランド新田二番街】
  → 当前没有ペット共生住宅的空房

【ひばりが丘パークヒルズ】
  → 当前没有ペット共生住宅的空房

【プラザ新小金井】
  → 当前没有ペット共生住宅的空房

【コンフォール明神台】
  → 当前没有ペット共生住宅的空房


==============================
==== 抓取时间: 2026-01-17 14:45:55 (JST) ====
==============================

【潮見駅前プラザ一番街】
  → 当前没有ペット共生住宅的空房

【幕張ベイタウン パティオス22番街】
  → 当前没有ペット共生住宅的空房

【ハートアイランド新田二番街】
  → 当前没有ペット共生住宅的空房

【ひばりが丘パークヒルズ】
  → 当前没有ペット共生住宅的空房

【プラザ新小金井】
  → 当前没有ペット共生住宅的空房

【コンフォール明神台】
  → 当前没有ペット共生住宅的空房


==============================
==== 抓取时间: 2026-01-17 14:56:03 (JST) ====
==============================

【潮見駅前プラザ一番街】
  → 当前没有ペット共生住宅的空房

【幕張ベイタウン パティオス22番街】
  → 当前没有ペット共生住宅的空房

【ハートアイランド新田二番街】
  → 当前没有ペット共生住宅的空房

【ひばりが丘パークヒルズ】
  → 当前没有ペット共生住宅的空房

【プラザ新小金井】
  → 当前没有ペット共生住宅的空房

【コンフォール明神台】
  → 当前没有ペット共生住宅的空房


==============================
==== 抓取时间: 2026-01-17 15:34:01 (JST) ====
==============================

【潮見駅前プラザ一番街】
  → 当前没有ペット共生住宅的空房

【幕張ベイタウン パティオス22番街】
  → 当前没有ペット共生住宅的空房

【ハートアイランド新田二番街】
  → 当前没有ペット共生住宅的空房

【ひばりが丘パークヒルズ】
  → 当前没有ペット共生住宅的空房

【プラザ新小金井】
  → 当前没有ペット共生住宅的空房

【コンフォール明神台】
  → 当前没有ペット共生住宅的空房


==============================
==== 抓取时间: 2026-01-17 15:55:36 (JST) ====
==============================

【潮見駅前プラザ一番街】
  → 当前没有ペット共生住宅的空房

【幕張ベイタウン パティオス22番街】
  → 当前没有ペット共生住宅的空房

【ハートアイランド新田二番街】
  → 当前没有ペット共生住宅的空房

【ひばりが丘パークヒルズ】
  → 当前没有ペット共生住宅的空房

【プラザ新小金井】
  → 当前没有ペット共生住宅的空房

【コンフォール明神台】
  → 当前没有ペット共生住宅的空房


==============================
==== 抓取时间: 2026-01-17 16:19:55 (JST) ====
==============================

【潮見駅前プラザ一番街】
  → 当前没有ペット共生住宅的空房

【幕張ベイタウン パティオス22番街】
  → 当前没有ペット共生住宅的空房

【ハートアイランド新田二番街】
  → 当前没有ペット共生住宅的空房

【ひばりが丘パークヒルズ】
  → 当前没有ペット共生住宅的空房

【プラザ新小金井】
  → 当前没有ペット共生住宅的空房

【コンフォール明神台】
  → 当前没有ペット共生住宅的空房


==============================
==== 抓取时间: 2026-01-17 16:35:42 (JST) ====
==============================

【潮見駅前プラザ一番街】
  → 当前没有ペット共生住宅的空房

【幕張ベイタウン パティオス22番街】
  → 当前没有ペット共生住宅的空房

【ハートアイランド新田二番街】
  → 当前没有ペット共生住宅的空房

【ひばりが丘パークヒルズ】
  → 当前没有ペット共生住宅的空房

【プラザ新小金井】
  → 当前没有ペット共生住宅的空房

【コンフォール明神台】
  → 当前没有ペット共生住宅的空房

