
==============================
==== 抓取时间: 2026-05-06 11:49:25 (JST) ====
==============================

【潮見駅前プラザ一番街】
  → 当前没有ペット共生住宅的空房

【幕張ベイタウン パティオス22番街】
  → 当前没有ペット共生住宅的空房

【ハートアイランド新田二番街】
  → 当前没有ペット共生住宅的空房

【ひばりが丘パークヒルズ】
  → 当前没有ペット共生住宅的空房

【プラザ新小金井】
  → 当前没有ペット共生住宅的空房

【コンフォール明神台】
  → 当前没有ペット共生住宅的空房


==============================
==== 抓取时间: 2026-05-06 14:46:07 (JST) ====
==============================

【潮見駅前プラザ一番街】
  → 当前没有ペット共生住宅的空房

【幕張ベイタウン パティオス22番街】
  → 当前没有ペット共生住宅的空房

【ハートアイランド新田二番街】
  → 当前没有ペット共生住宅的空房

【ひばりが丘パークヒルズ】
  → 当前没有ペット共生住宅的空房

【プラザ新小金井】
  → 当前没有ペット共生住宅的空房

【コンフォール明神台】
  → 当前没有ペット共生住宅的空房


==============================
==== 抓取时间: 2026-05-06 16:57:40 (JST) ====
==============================

【潮見駅前プラザ一番街】
  → 当前没有ペット共生住宅的空房

【幕張ベイタウン パティオス22番街】
  → 当前没有ペット共生住宅的空房

【ハートアイランド新田二番街】
  → 当前没有ペット共生住宅的空房

【ひばりが丘パークヒルズ】
  → 当前没有ペット共生住宅的空房

【プラザ新小金井】
  → 当前没有ペット共生住宅的空房

【コンフォール明神台】
  → 当前没有ペット共生住宅的空房

