
==============================
==== 抓取时间: 2026-02-05 11:03:52 (JST) ====
==============================

【潮見駅前プラザ一番街】
  → 当前没有ペット共生住宅的空房

【幕張ベイタウン パティオス22番街】
  → 当前没有ペット共生住宅的空房

【ハートアイランド新田二番街】
  → 当前没有ペット共生住宅的空房

【ひばりが丘パークヒルズ】
  → 当前没有ペット共生住宅的空房

【プラザ新小金井】
  → 当前没有ペット共生住宅的空房

【コンフォール明神台】
  → 当前没有ペット共生住宅的空房


==============================
==== 抓取时间: 2026-02-05 13:21:49 (JST) ====
==============================

【潮見駅前プラザ一番街】
  → 当前没有ペット共生住宅的空房

【幕張ベイタウン パティオス22番街】
  → 当前没有ペット共生住宅的空房

【ハートアイランド新田二番街】
  → 当前没有ペット共生住宅的空房

【ひばりが丘パークヒルズ】
  → 当前没有ペット共生住宅的空房

【プラザ新小金井】
  → 当前没有ペット共生住宅的空房

【コンフォール明神台】
  → 当前没有ペット共生住宅的空房


==============================
==== 抓取时间: 2026-02-05 14:35:22 (JST) ====
==============================

【潮見駅前プラザ一番街】
  → 当前没有ペット共生住宅的空房

【幕張ベイタウン パティオス22番街】
  → 当前没有ペット共生住宅的空房

【ハートアイランド新田二番街】
  → 当前没有ペット共生住宅的空房

【ひばりが丘パークヒルズ】
  → 当前没有ペット共生住宅的空房

【プラザ新小金井】
  → 当前没有ペット共生住宅的空房

【コンフォール明神台】
  → 当前没有ペット共生住宅的空房


==============================
==== 抓取时间: 2026-02-05 15:35:32 (JST) ====
==============================

【潮見駅前プラザ一番街】
  → 当前没有ペット共生住宅的空房

【幕張ベイタウン パティオス22番街】
  → 当前没有ペット共生住宅的空房

【ハートアイランド新田二番街】
  → 当前没有ペット共生住宅的空房

【ひばりが丘パークヒルズ】
  → 当前没有ペット共生住宅的空房

【プラザ新小金井】
  → 当前没有ペット共生住宅的空房

【コンフォール明神台】
  → 当前没有ペット共生住宅的空房


==============================
==== 抓取时间: 2026-02-05 16:35:40 (JST) ====
==============================

【潮見駅前プラザ一番街】
  → 当前没有ペット共生住宅的空房

【幕張ベイタウン パティオス22番街】
  → 当前没有ペット共生住宅的空房

【ハートアイランド新田二番街】
  → 当前没有ペット共生住宅的空房

【ひばりが丘パークヒルズ】
  → 当前没有ペット共生住宅的空房

【プラザ新小金井】
  → 当前没有ペット共生住宅的空房

【コンフォール明神台】
  → 当前没有ペット共生住宅的空房


==============================
==== 抓取时间: 2026-02-05 17:06:28 (JST) ====
==============================

【潮見駅前プラザ一番街】
  → 当前没有ペット共生住宅的空房

【幕張ベイタウン パティオス22番街】
  → 当前没有ペット共生住宅的空房

【ハートアイランド新田二番街】
  → 当前没有ペット共生住宅的空房

【ひばりが丘パークヒルズ】
  → 当前没有ペット共生住宅的空房

【プラザ新小金井】
  → 当前没有ペット共生住宅的空房

【コンフォール明神台】
  → 当前没有ペット共生住宅的空房


==============================
==== 抓取时间: 2026-02-05 18:00:51 (JST) ====
==============================

【潮見駅前プラザ一番街】
  → 当前没有ペット共生住宅的空房

【幕張ベイタウン パティオス22番街】
  → 当前没有ペット共生住宅的空房

【ハートアイランド新田二番街】
  → 当前没有ペット共生住宅的空房

【ひばりが丘パークヒルズ】
  → 当前没有ペット共生住宅的空房

【プラザ新小金井】
  → 当前没有ペット共生住宅的空房

【コンフォール明神台】
  → 当前没有ペット共生住宅的空房


==============================
==== 抓取时间: 2026-02-05 18:57:26 (JST) ====
==============================

【潮見駅前プラザ一番街】
  → 当前没有ペット共生住宅的空房

【幕張ベイタウン パティオス22番街】
  → 当前没有ペット共生住宅的空房

【ハートアイランド新田二番街】
  → 当前没有ペット共生住宅的空房

【ひばりが丘パークヒルズ】
  → 当前没有ペット共生住宅的空房

【プラザ新小金井】
  → 当前没有ペット共生住宅的空房

【コンフォール明神台】
  → 当前没有ペット共生住宅的空房


==============================
==== 抓取时间: 2026-02-05 19:49:40 (JST) ====
==============================

【潮見駅前プラザ一番街】
  → 当前没有ペット共生住宅的空房

【幕張ベイタウン パティオス22番街】
  → 当前没有ペット共生住宅的空房

【ハートアイランド新田二番街】
  → 当前没有ペット共生住宅的空房

【ひばりが丘パークヒルズ】
  → 当前没有ペット共生住宅的空房

【プラザ新小金井】
  → 当前没有ペット共生住宅的空房

【コンフォール明神台】
  → 当前没有ペット共生住宅的空房

