
==============================
==== 抓取时间: 2026-01-25 10:55:17 (JST) ====
==============================

【潮見駅前プラザ一番街】
  → 当前没有ペット共生住宅的空房

【幕張ベイタウン パティオス22番街】
  → 当前没有ペット共生住宅的空房

【ハートアイランド新田二番街】
  → 当前没有ペット共生住宅的空房

【ひばりが丘パークヒルズ】
  → 当前没有ペット共生住宅的空房

【プラザ新小金井】
  → 当前没有ペット共生住宅的空房

【コンフォール明神台】
  → 当前没有ペット共生住宅的空房


==============================
==== 抓取时间: 2026-01-25 12:54:29 (JST) ====
==============================

【潮見駅前プラザ一番街】
  → 当前没有ペット共生住宅的空房

【幕張ベイタウン パティオス22番街】
  → 当前没有ペット共生住宅的空房

【ハートアイランド新田二番街】
  → 当前没有ペット共生住宅的空房

【ひばりが丘パークヒルズ】
  → 当前没有ペット共生住宅的空房

【プラザ新小金井】
  → 当前没有ペット共生住宅的空房

【コンフォール明神台】
  → 当前没有ペット共生住宅的空房


==============================
==== 抓取时间: 2026-01-25 13:50:47 (JST) ====
==============================

【潮見駅前プラザ一番街】
  → 当前没有ペット共生住宅的空房

【幕張ベイタウン パティオス22番街】
  → 当前没有ペット共生住宅的空房

【ハートアイランド新田二番街】
  → 当前没有ペット共生住宅的空房

【ひばりが丘パークヒルズ】
  → 当前没有ペット共生住宅的空房

【プラザ新小金井】
  → 当前没有ペット共生住宅的空房

【コンフォール明神台】
  → 当前没有ペット共生住宅的空房


==============================
==== 抓取时间: 2026-01-25 14:20:05 (JST) ====
==============================

【潮見駅前プラザ一番街】
  → 当前没有ペット共生住宅的空房

【幕張ベイタウン パティオス22番街】
  → 当前没有ペット共生住宅的空房

【ハートアイランド新田二番街】
  → 当前没有ペット共生住宅的空房

【ひばりが丘パークヒルズ】
  → 当前没有ペット共生住宅的空房

【プラザ新小金井】
  → 当前没有ペット共生住宅的空房

【コンフォール明神台】
  → 当前没有ペット共生住宅的空房


==============================
==== 抓取时间: 2026-01-25 14:46:41 (JST) ====
==============================

【潮見駅前プラザ一番街】
  → 当前没有ペット共生住宅的空房

【幕張ベイタウン パティオス22番街】
  → 当前没有ペット共生住宅的空房

【ハートアイランド新田二番街】
  → 当前没有ペット共生住宅的空房

【ひばりが丘パークヒルズ】
  → 当前没有ペット共生住宅的空房

【プラザ新小金井】
  → 当前没有ペット共生住宅的空房

【コンフォール明神台】
  → 当前没有ペット共生住宅的空房


==============================
==== 抓取时间: 2026-01-25 14:58:38 (JST) ====
==============================

【潮見駅前プラザ一番街】
  → 当前没有ペット共生住宅的空房

【幕張ベイタウン パティオス22番街】
  → 当前没有ペット共生住宅的空房

【ハートアイランド新田二番街】
  → 当前没有ペット共生住宅的空房

【ひばりが丘パークヒルズ】
  → 当前没有ペット共生住宅的空房

【プラザ新小金井】
  → 当前没有ペット共生住宅的空房

【コンフォール明神台】
  → 当前没有ペット共生住宅的空房


==============================
==== 抓取时间: 2026-01-25 15:44:18 (JST) ====
==============================

【潮見駅前プラザ一番街】
  → 当前没有ペット共生住宅的空房

【幕張ベイタウン パティオス22番街】
  → 当前没有ペット共生住宅的空房

【ハートアイランド新田二番街】
  → 当前没有ペット共生住宅的空房

【ひばりが丘パークヒルズ】
  → 当前没有ペット共生住宅的空房

【プラザ新小金井】
  → 当前没有ペット共生住宅的空房

【コンフォール明神台】
  → 当前没有ペット共生住宅的空房


==============================
==== 抓取时间: 2026-01-25 16:00:56 (JST) ====
==============================

【潮見駅前プラザ一番街】
  → 当前没有ペット共生住宅的空房

【幕張ベイタウン パティオス22番街】
  → 当前没有ペット共生住宅的空房

【ハートアイランド新田二番街】
  → 当前没有ペット共生住宅的空房

【ひばりが丘パークヒルズ】
  → 当前没有ペット共生住宅的空房

【プラザ新小金井】
  → 当前没有ペット共生住宅的空房

【コンフォール明神台】
  → 当前没有ペット共生住宅的空房


==============================
==== 抓取时间: 2026-01-25 16:30:00 (JST) ====
==============================

【潮見駅前プラザ一番街】
  → 当前没有ペット共生住宅的空房

【幕張ベイタウン パティオス22番街】
  → 当前没有ペット共生住宅的空房

【ハートアイランド新田二番街】
  → 当前没有ペット共生住宅的空房

【ひばりが丘パークヒルズ】
  → 当前没有ペット共生住宅的空房

【プラザ新小金井】
  → 当前没有ペット共生住宅的空房

【コンフォール明神台】
  → 当前没有ペット共生住宅的空房


==============================
==== 抓取时间: 2026-01-25 16:44:27 (JST) ====
==============================

【潮見駅前プラザ一番街】
  → 当前没有ペット共生住宅的空房

【幕張ベイタウン パティオス22番街】
  → 当前没有ペット共生住宅的空房

【ハートアイランド新田二番街】
  → 当前没有ペット共生住宅的空房

【ひばりが丘パークヒルズ】
  → 当前没有ペット共生住宅的空房

【プラザ新小金井】
  → 当前没有ペット共生住宅的空房

【コンフォール明神台】
  → 当前没有ペット共生住宅的空房

