
==============================
==== 抓取时间: 2026-02-07 10:59:41 (JST) ====
==============================

【潮見駅前プラザ一番街】
  → 当前没有ペット共生住宅的空房

【幕張ベイタウン パティオス22番街】
  → 当前没有ペット共生住宅的空房

【ハートアイランド新田二番街】
  → 当前没有ペット共生住宅的空房

【ひばりが丘パークヒルズ】
  → 当前没有ペット共生住宅的空房

【プラザ新小金井】
  → 当前没有ペット共生住宅的空房

【コンフォール明神台】
  → 当前没有ペット共生住宅的空房


==============================
==== 抓取时间: 2026-02-07 13:13:12 (JST) ====
==============================

【潮見駅前プラザ一番街】
  → 当前没有ペット共生住宅的空房

【幕張ベイタウン パティオス22番街】
  → 当前没有ペット共生住宅的空房

【ハートアイランド新田二番街】
  → 当前没有ペット共生住宅的空房

【ひばりが丘パークヒルズ】
  → 当前没有ペット共生住宅的空房

【プラザ新小金井】
  → 当前没有ペット共生住宅的空房

【コンフォール明神台】
  → 当前没有ペット共生住宅的空房


==============================
==== 抓取时间: 2026-02-07 14:12:40 (JST) ====
==============================

【潮見駅前プラザ一番街】
  → 当前没有ペット共生住宅的空房

【幕張ベイタウン パティオス22番街】
  → 当前没有ペット共生住宅的空房

【ハートアイランド新田二番街】
  → 当前没有ペット共生住宅的空房

【ひばりが丘パークヒルズ】
  → 当前没有ペット共生住宅的空房

【プラザ新小金井】
  → 当前没有ペット共生住宅的空房

【コンフォール明神台】
  → 当前没有ペット共生住宅的空房


==============================
==== 抓取时间: 2026-02-07 14:57:20 (JST) ====
==============================

【潮見駅前プラザ一番街】
  → 当前没有ペット共生住宅的空房

【幕張ベイタウン パティオス22番街】
  → 当前没有ペット共生住宅的空房

【ハートアイランド新田二番街】
  → 当前没有ペット共生住宅的空房

【ひばりが丘パークヒルズ】
  → 当前没有ペット共生住宅的空房

【プラザ新小金井】
  → 当前没有ペット共生住宅的空房

【コンフォール明神台】
  → 当前没有ペット共生住宅的空房


==============================
==== 抓取时间: 2026-02-07 15:51:51 (JST) ====
==============================

【潮見駅前プラザ一番街】
  → 当前没有ペット共生住宅的空房

【幕張ベイタウン パティオス22番街】
  → 当前没有ペット共生住宅的空房

【ハートアイランド新田二番街】
  → 当前没有ペット共生住宅的空房

【ひばりが丘パークヒルズ】
  → 当前没有ペット共生住宅的空房

【プラザ新小金井】
  → 当前没有ペット共生住宅的空房

【コンフォール明神台】
  → 当前没有ペット共生住宅的空房


==============================
==== 抓取时间: 2026-02-07 16:25:31 (JST) ====
==============================

【潮見駅前プラザ一番街】
  → 当前没有ペット共生住宅的空房

【幕張ベイタウン パティオス22番街】
  → 当前没有ペット共生住宅的空房

【ハートアイランド新田二番街】
  → 当前没有ペット共生住宅的空房

【ひばりが丘パークヒルズ】
  → 当前没有ペット共生住宅的空房

【プラザ新小金井】
  → 当前没有ペット共生住宅的空房

【コンフォール明神台】
  → 当前没有ペット共生住宅的空房


==============================
==== 抓取时间: 2026-02-07 16:51:27 (JST) ====
==============================

【潮見駅前プラザ一番街】
  → 当前没有ペット共生住宅的空房

【幕張ベイタウン パティオス22番街】
  → 当前没有ペット共生住宅的空房

【ハートアイランド新田二番街】
  → 当前没有ペット共生住宅的空房

【ひばりが丘パークヒルズ】
  → 当前没有ペット共生住宅的空房

【プラザ新小金井】
  → 当前没有ペット共生住宅的空房

【コンフォール明神台】
  → 当前没有ペット共生住宅的空房


==============================
==== 抓取时间: 2026-02-07 17:18:24 (JST) ====
==============================

【潮見駅前プラザ一番街】
  → 当前没有ペット共生住宅的空房

【幕張ベイタウン パティオス22番街】
  → 当前没有ペット共生住宅的空房

【ハートアイランド新田二番街】
  → 当前没有ペット共生住宅的空房

【ひばりが丘パークヒルズ】
  → 当前没有ペット共生住宅的空房

【プラザ新小金井】
  → 当前没有ペット共生住宅的空房

【コンフォール明神台】
  → 当前没有ペット共生住宅的空房


==============================
==== 抓取时间: 2026-02-07 17:51:24 (JST) ====
==============================

【潮見駅前プラザ一番街】
  → 当前没有ペット共生住宅的空房

【幕張ベイタウン パティオス22番街】
  → 当前没有ペット共生住宅的空房

【ハートアイランド新田二番街】
  → 当前没有ペット共生住宅的空房

【ひばりが丘パークヒルズ】
  → 当前没有ペット共生住宅的空房

【プラザ新小金井】
  → 当前没有ペット共生住宅的空房

【コンフォール明神台】
  → 当前没有ペット共生住宅的空房


==============================
==== 抓取时间: 2026-02-07 18:20:52 (JST) ====
==============================

【潮見駅前プラザ一番街】
  → 当前没有ペット共生住宅的空房

【幕張ベイタウン パティオス22番街】
  → 当前没有ペット共生住宅的空房

【ハートアイランド新田二番街】
  → 当前没有ペット共生住宅的空房

【ひばりが丘パークヒルズ】
  → 当前没有ペット共生住宅的空房

【プラザ新小金井】
  → 当前没有ペット共生住宅的空房

【コンフォール明神台】
  → 当前没有ペット共生住宅的空房

